# JRE version: Java(TM) SE Runtime Environment 18.9 (11.0.8+10) (build 11.0.8+10-LTS)
# Java VM: Java HotSpot(TM) 64-Bit Server VM 18.9 (11.0.8+10-LTS, mixed mode, tiered, compressed oops, g1 gc, windows-amd64)
Heap:
 garbage-first heap   total 262144K, used 84866K [0x0000000701a00000, 0x0000000800000000)
  region size 1024K, 75 young (76800K), 6 survivors (6144K)
 Metaspace       used 31447K, capacity 32271K, committed 32432K, reserved 1077248K
  class space    used 3774K, capacity 4087K, committed 4096K, reserved 1048576K
GC Heap History (7 events):
Event: 0.475 GC heap before
{Heap before GC invocations=0 (full 0):
 garbage-first heap   total 262144K, used 24576K [0x0000000701a00000, 0x0000000800000000)
  region size 1024K, 24 young (24576K), 0 survivors (0K)
 Metaspace       used 13805K, capacity 14184K, committed 14464K, reserved 1062912K
  class space    used 1453K, capacity 1583K, committed 1664K, reserved 1048576K
}
Event: 0.478 GC heap after
{Heap after GC invocations=1 (full 0):
 garbage-first heap   total 262144K, used 8488K [0x0000000701a00000, 0x0000000800000000)
  region size 1024K, 3 young (3072K), 3 survivors (3072K)
 Metaspace       used 13805K, capacity 14184K, committed 14464K, reserved 1062912K
  class space    used 1453K, capacity 1583K, committed 1664K, reserved 1048576K
}
Event: 0.646 GC heap before
{Heap before GC invocations=1 (full 0):
 garbage-first heap   total 262144K, used 54568K [0x0000000701a00000, 0x0000000800000000)
  region size 1024K, 49 young (50176K), 3 survivors (3072K)
 Metaspace       used 20681K, capacity 21195K, committed 21296K, reserved 1069056K
  class space    used 2472K, capacity 2673K, committed 2688K, reserved 1048576K
}
Event: 0.649 GC heap after
{Heap after GC invocations=2 (full 0):
 garbage-first heap   total 262144K, used 10505K [0x0000000701a00000, 0x0000000800000000)
  region size 1024K, 5 young (5120K), 5 survivors (5120K)
 Metaspace       used 20681K, capacity 21195K, committed 21296K, reserved 1069056K
  class space    used 2472K, capacity 2673K, committed 2688K, reserved 1048576K
}
Event: 0.869 GC heap before
{Heap before GC invocations=3 (full 0):
 garbage-first heap   total 262144K, used 63753K [0x0000000701a00000, 0x0000000800000000)
  region size 1024K, 58 young (59392K), 5 survivors (5120K)
 Metaspace       used 29190K, capacity 30009K, committed 30128K, reserved 1075200K
  class space    used 3481K, capacity 3808K, committed 3840K, reserved 1048576K
}
Event: 0.873 GC heap after
{Heap after GC invocations=4 (full 0):
 garbage-first heap   total 262144K, used 14210K [0x0000000701a00000, 0x0000000800000000)
  region size 1024K, 6 young (6144K), 6 survivors (6144K)
 Metaspace       used 29190K, capacity 30009K, committed 30128K, reserved 1075200K
  class space    used 3481K, capacity 3808K, committed 3840K, reserved 1048576K
}
Event: 1.048 GC heap before
{Heap before GC invocations=4 (full 0):
 garbage-first heap   total 262144K, used 83842K [0x0000000701a00000, 0x0000000800000000)
  region size 1024K, 75 young (76800K), 6 survivors (6144K)
 Metaspace       used 31447K, capacity 32271K, committed 32432K, reserved 1077248K
  class space    used 3774K, capacity 4087K, committed 4096K, reserved 1048576K
}

